<?xml version="1.0" encoding="UTF-8"?>
<!-- Generated by org.testng.reporters.JUnitReportReporter -->
<testsuite hostname="MD" failures="0" tests="1" name="com.fidelis.tests.MemberPageTest" time="40.630" errors="0" timestamp="2024-09-06T17:57:12 EDT" skipped="0">
  <testcase classname="com.fidelis.tests.MemberPageTest" name="varifyMemberPageTitle" time="40.630"/>
  <system-out/>
</testsuite> <!-- com.fidelis.tests.MemberPageTest -->
