<?xml version="1.0" encoding="UTF-8"?>
<!-- Generated by org.testng.reporters.JUnitReportReporter -->
<testsuite hostname="MD" failures="0" tests="3" name="com.fidelis.tests.HomePageTest" time="52.197" errors="0" timestamp="2025-06-19T16:01:50 EDT" skipped="0">
  <testcase classname="com.fidelis.tests.HomePageTest" name="varifyClickOnMemberButton" time="19.711"/>
  <system-out/>
  <testcase classname="com.fidelis.tests.HomePageTest" name="verifyFidelisCareHomePageUrl" time="15.170"/>
  <system-out/>
  <testcase classname="com.fidelis.tests.HomePageTest" name="varifyFidelisCareHomePageTitle" time="17.316"/>
  <system-out/>
</testsuite> <!-- com.fidelis.tests.HomePageTest -->
